1682375113.326901 client started (136720): version 3.3a, socket /tmp/tmux-1000/default, protocol 8
1682375113.326921 on Linux 6.2.11-300.fc38.x86_64 #1 SMP PREEMPT_DYNAMIC Thu Apr 13 20:27:09 UTC 2023
1682375113.326928 using libevent 2.1.12-stable (poll); ncurses 6.4
1682375113.326945 flags are 0x10010000
1682375113.326950 socket is /tmp/tmux-1000/default
1682375113.326963 trying connect
1682375113.327009 add peer 0x55e064e544e0: 6 ((nil))
1682375113.327208 sending message 100 to peer 0x55e064e544e0 (4 bytes)
1682375113.327216 sending message 111 to peer 0x55e064e544e0 (8 bytes)
1682375113.327220 sending message 101 to peer 0x55e064e544e0 (14 bytes)
1682375113.327224 sending message 109 to peer 0x55e064e544e0 (4 bytes)
1682375113.327227 sending message 102 to peer 0x55e064e544e0 (11 bytes)
1682375113.327231 sending message 108 to peer 0x55e064e544e0 (28 bytes)
1682375113.327234 sending message 112 to peer 0x55e064e544e0 (70 bytes)
1682375113.327238 sending message 112 to peer 0x55e064e544e0 (5 bytes)
1682375113.327242 sending message 112 to peer 0x55e064e544e0 (5 bytes)
1682375113.327245 sending message 112 to peer 0x55e064e544e0 (6 bytes)
1682375113.327249 sending message 112 to peer 0x55e064e544e0 (6 bytes)
1682375113.327252 sending message 112 to peer 0x55e064e544e0 (11 bytes)
1682375113.327256 sending message 112 to peer 0x55e064e544e0 (10 bytes)
1682375113.327261 sending message 112 to peer 0x55e064e544e0 (13 bytes)
1682375113.327265 sending message 112 to peer 0x55e064e544e0 (13 bytes)
1682375113.327269 sending message 112 to peer 0x55e064e544e0 (18 bytes)
1682375113.327273 sending message 112 to peer 0x55e064e544e0 (11 bytes)
1682375113.327277 sending message 112 to peer 0x55e064e544e0 (10 bytes)
1682375113.327281 sending message 112 to peer 0x55e064e544e0 (15 bytes)
1682375113.327285 sending message 112 to peer 0x55e064e544e0 (21 bytes)
1682375113.327289 sending message 112 to peer 0x55e064e544e0 (13 bytes)
1682375113.327293 sending message 112 to peer 0x55e064e544e0 (7 bytes)
1682375113.327297 sending message 112 to peer 0x55e064e544e0 (13 bytes)
1682375113.327301 sending message 112 to peer 0x55e064e544e0 (7 bytes)
1682375113.327304 sending message 112 to peer 0x55e064e544e0 (13 bytes)
1682375113.327309 sending message 112 to peer 0x55e064e544e0 (9 bytes)
1682375113.327312 sending message 112 to peer 0x55e064e544e0 (21 bytes)
1682375113.327317 sending message 112 to peer 0x55e064e544e0 (13 bytes)
1682375113.327320 sending message 112 to peer 0x55e064e544e0 (8 bytes)
1682375113.327324 sending message 112 to peer 0x55e064e544e0 (12 bytes)
1682375113.327328 sending message 112 to peer 0x55e064e544e0 (13 bytes)
1682375113.327332 sending message 112 to peer 0x55e064e544e0 (9 bytes)
1682375113.327336 sending message 112 to peer 0x55e064e544e0 (9 bytes)
1682375113.327340 sending message 112 to peer 0x55e064e544e0 (12 bytes)
1682375113.327343 sending message 112 to peer 0x55e064e544e0 (8 bytes)
1682375113.327347 sending message 112 to peer 0x55e064e544e0 (8 bytes)
1682375113.327351 sending message 112 to peer 0x55e064e544e0 (7 bytes)
1682375113.327354 sending message 112 to peer 0x55e064e544e0 (7 bytes)
1682375113.327358 sending message 112 to peer 0x55e064e544e0 (9 bytes)
1682375113.327362 sending message 112 to peer 0x55e064e544e0 (13 bytes)
1682375113.327366 sending message 112 to peer 0x55e064e544e0 (6 bytes)
1682375113.327370 sending message 112 to peer 0x55e064e544e0 (9 bytes)
1682375113.327374 sending message 112 to peer 0x55e064e544e0 (15 bytes)
1682375113.327377 sending message 112 to peer 0x55e064e544e0 (13 bytes)
1682375113.327382 sending message 112 to peer 0x55e064e544e0 (12 bytes)
1682375113.327385 sending message 112 to peer 0x55e064e544e0 (8 bytes)
1682375113.327390 sending message 112 to peer 0x55e064e544e0 (14 bytes)
1682375113.327394 sending message 112 to peer 0x55e064e544e0 (11 bytes)
1682375113.327398 sending message 112 to peer 0x55e064e544e0 (9 bytes)
1682375113.327401 sending message 112 to peer 0x55e064e544e0 (10 bytes)
1682375113.327405 sending message 112 to peer 0x55e064e544e0 (10 bytes)
1682375113.327409 sending message 112 to peer 0x55e064e544e0 (10 bytes)
1682375113.327420 sending message 112 to peer 0x55e064e544e0 (10 bytes)
1682375113.327424 sending message 112 to peer 0x55e064e544e0 (11 bytes)
1682375113.327427 sending message 112 to peer 0x55e064e544e0 (12 bytes)
1682375113.327431 sending message 112 to peer 0x55e064e544e0 (12 bytes)
1682375113.327434 sending message 112 to peer 0x55e064e544e0 (12 bytes)
1682375113.327438 sending message 112 to peer 0x55e064e544e0 (12 bytes)
1682375113.327442 sending message 112 to peer 0x55e064e544e0 (12 bytes)
1682375113.327445 sending message 112 to peer 0x55e064e544e0 (11 bytes)
1682375113.327449 sending message 112 to peer 0x55e064e544e0 (11 bytes)
1682375113.327452 sending message 112 to peer 0x55e064e544e0 (12 bytes)
1682375113.327456 sending message 112 to peer 0x55e064e544e0 (12 bytes)
1682375113.327459 sending message 112 to peer 0x55e064e544e0 (12 bytes)
1682375113.327463 sending message 112 to peer 0x55e064e544e0 (12 bytes)
1682375113.327467 sending message 112 to peer 0x55e064e544e0 (12 bytes)
1682375113.327472 sending message 112 to peer 0x55e064e544e0 (10 bytes)
1682375113.327476 sending message 112 to peer 0x55e064e544e0 (12 bytes)
1682375113.327480 sending message 112 to peer 0x55e064e544e0 (13 bytes)
1682375113.327483 sending message 112 to peer 0x55e064e544e0 (13 bytes)
1682375113.327488 sending message 112 to peer 0x55e064e544e0 (13 bytes)
1682375113.327492 sending message 112 to peer 0x55e064e544e0 (13 bytes)
1682375113.327496 sending message 112 to peer 0x55e064e544e0 (13 bytes)
1682375113.327500 sending message 112 to peer 0x55e064e544e0 (8 bytes)
1682375113.327504 sending message 112 to peer 0x55e064e544e0 (11 bytes)
1682375113.327507 sending message 112 to peer 0x55e064e544e0 (11 bytes)
1682375113.327511 sending message 112 to peer 0x55e064e544e0 (11 bytes)
1682375113.327515 sending message 112 to peer 0x55e064e544e0 (12 bytes)
1682375113.327520 sending message 112 to peer 0x55e064e544e0 (12 bytes)
1682375113.327523 sending message 112 to peer 0x55e064e544e0 (12 bytes)
1682375113.327527 sending message 112 to peer 0x55e064e544e0 (12 bytes)
1682375113.327531 sending message 112 to peer 0x55e064e544e0 (13 bytes)
1682375113.327535 sending message 112 to peer 0x55e064e544e0 (13 bytes)
1682375113.327539 sending message 112 to peer 0x55e064e544e0 (13 bytes)
1682375113.327543 sending message 112 to peer 0x55e064e544e0 (8 bytes)
1682375113.327547 sending message 112 to peer 0x55e064e544e0 (13 bytes)
1682375113.327551 sending message 112 to peer 0x55e064e544e0 (13 bytes)
1682375113.327555 sending message 112 to peer 0x55e064e544e0 (13 bytes)
1682375113.327559 sending message 112 to peer 0x55e064e544e0 (13 bytes)
1682375113.327563 sending message 112 to peer 0x55e064e544e0 (13 bytes)
1682375113.327567 sending message 112 to peer 0x55e064e544e0 (12 bytes)
1682375113.327571 sending message 112 to peer 0x55e064e544e0 (12 bytes)
1682375113.327574 sending message 112 to peer 0x55e064e544e0 (12 bytes)
1682375113.327578 sending message 112 to peer 0x55e064e544e0 (12 bytes)
1682375113.327582 sending message 112 to peer 0x55e064e544e0 (13 bytes)
1682375113.327586 sending message 112 to peer 0x55e064e544e0 (8 bytes)
1682375113.327590 sending message 112 to peer 0x55e064e544e0 (13 bytes)
1682375113.327593 sending message 112 to peer 0x55e064e544e0 (13 bytes)
1682375113.327597 sending message 112 to peer 0x55e064e544e0 (13 bytes)
1682375113.327601 sending message 112 to peer 0x55e064e544e0 (13 bytes)
1682375113.327605 sending message 112 to peer 0x55e064e544e0 (13 bytes)
1682375113.327608 sending message 112 to peer 0x55e064e544e0 (13 bytes)
1682375113.327612 sending message 112 to peer 0x55e064e544e0 (13 bytes)
1682375113.327616 sending message 112 to peer 0x55e064e544e0 (12 bytes)
1682375113.327620 sending message 112 to peer 0x55e064e544e0 (12 bytes)
1682375113.327623 sending message 112 to peer 0x55e064e544e0 (12 bytes)
1682375113.327627 sending message 112 to peer 0x55e064e544e0 (8 bytes)
1682375113.327631 sending message 112 to peer 0x55e064e544e0 (12 bytes)
1682375113.327639 sending message 112 to peer 0x55e064e544e0 (13 bytes)
1682375113.327643 sending message 112 to peer 0x55e064e544e0 (13 bytes)
1682375113.327647 sending message 112 to peer 0x55e064e544e0 (13 bytes)
1682375113.327651 sending message 112 to peer 0x55e064e544e0 (13 bytes)
1682375113.327655 sending message 112 to peer 0x55e064e544e0 (13 bytes)
1682375113.327658 sending message 112 to peer 0x55e064e544e0 (13 bytes)
1682375113.327662 sending message 112 to peer 0x55e064e544e0 (13 bytes)
1682375113.327666 sending message 112 to peer 0x55e064e544e0 (13 bytes)
1682375113.327671 sending message 112 to peer 0x55e064e544e0 (12 bytes)
1682375113.327675 sending message 112 to peer 0x55e064e544e0 (10 bytes)
1682375113.327679 sending message 112 to peer 0x55e064e544e0 (12 bytes)
1682375113.327683 sending message 112 to peer 0x55e064e544e0 (12 bytes)
1682375113.327687 sending message 112 to peer 0x55e064e544e0 (12 bytes)
1682375113.327690 sending message 112 to peer 0x55e064e544e0 (13 bytes)
1682375113.327694 sending message 112 to peer 0x55e064e544e0 (13 bytes)
1682375113.327698 sending message 112 to peer 0x55e064e544e0 (13 bytes)
1682375113.327702 sending message 112 to peer 0x55e064e544e0 (13 bytes)
1682375113.327706 sending message 112 to peer 0x55e064e544e0 (13 bytes)
1682375113.327710 sending message 112 to peer 0x55e064e544e0 (13 bytes)
1682375113.327713 sending message 112 to peer 0x55e064e544e0 (13 bytes)
1682375113.327717 sending message 112 to peer 0x55e064e544e0 (10 bytes)
1682375113.327721 sending message 112 to peer 0x55e064e544e0 (13 bytes)
1682375113.327725 sending message 112 to peer 0x55e064e544e0 (12 bytes)
1682375113.327728 sending message 112 to peer 0x55e064e544e0 (12 bytes)
1682375113.327732 sending message 112 to peer 0x55e064e544e0 (12 bytes)
1682375113.327736 sending message 112 to peer 0x55e064e544e0 (10 bytes)
1682375113.327740 sending message 112 to peer 0x55e064e544e0 (10 bytes)
1682375113.327744 sending message 112 to peer 0x55e064e544e0 (10 bytes)
1682375113.327748 sending message 112 to peer 0x55e064e544e0 (12 bytes)
1682375113.327751 sending message 112 to peer 0x55e064e544e0 (13 bytes)
1682375113.327755 sending message 112 to peer 0x55e064e544e0 (13 bytes)
1682375113.327759 sending message 112 to peer 0x55e064e544e0 (13 bytes)
1682375113.327763 sending message 112 to peer 0x55e064e544e0 (13 bytes)
1682375113.327766 sending message 112 to peer 0x55e064e544e0 (13 bytes)
1682375113.327770 sending message 112 to peer 0x55e064e544e0 (11 bytes)
1682375113.327774 sending message 112 to peer 0x55e064e544e0 (11 bytes)
1682375113.327778 sending message 112 to peer 0x55e064e544e0 (12 bytes)
1682375113.327782 sending message 112 to peer 0x55e064e544e0 (12 bytes)
1682375113.327786 sending message 112 to peer 0x55e064e544e0 (12 bytes)
1682375113.327790 sending message 112 to peer 0x55e064e544e0 (12 bytes)
1682375113.327793 sending message 112 to peer 0x55e064e544e0 (12 bytes)
1682375113.327797 sending message 112 to peer 0x55e064e544e0 (11 bytes)
1682375113.327801 sending message 112 to peer 0x55e064e544e0 (12 bytes)
1682375113.327805 sending message 112 to peer 0x55e064e544e0 (12 bytes)
1682375113.327809 sending message 112 to peer 0x55e064e544e0 (13 bytes)
1682375113.327812 sending message 112 to peer 0x55e064e544e0 (13 bytes)
1682375113.327816 sending message 112 to peer 0x55e064e544e0 (13 bytes)
1682375113.327820 sending message 112 to peer 0x55e064e544e0 (13 bytes)
1682375113.327824 sending message 112 to peer 0x55e064e544e0 (13 bytes)
1682375113.327828 sending message 112 to peer 0x55e064e544e0 (10 bytes)
1682375113.327832 sending message 112 to peer 0x55e064e544e0 (9 bytes)
1682375113.327835 sending message 112 to peer 0x55e064e544e0 (12 bytes)
1682375113.327839 sending message 112 to peer 0x55e064e544e0 (13 bytes)
1682375113.327843 sending message 112 to peer 0x55e064e544e0 (13 bytes)
1682375113.327847 sending message 112 to peer 0x55e064e544e0 (13 bytes)
1682375113.327851 sending message 112 to peer 0x55e064e544e0 (13 bytes)
1682375113.327855 sending message 112 to peer 0x55e064e544e0 (13 bytes)
1682375113.327862 sending message 112 to peer 0x55e064e544e0 (9 bytes)
1682375113.327867 sending message 112 to peer 0x55e064e544e0 (12 bytes)
1682375113.327871 sending message 112 to peer 0x55e064e544e0 (13 bytes)
1682375113.327875 sending message 112 to peer 0x55e064e544e0 (13 bytes)
1682375113.327878 sending message 112 to peer 0x55e064e544e0 (13 bytes)
1682375113.327882 sending message 112 to peer 0x55e064e544e0 (13 bytes)
1682375113.327886 sending message 112 to peer 0x55e064e544e0 (13 bytes)
1682375113.327894 sending message 112 to peer 0x55e064e544e0 (11 bytes)
1682375113.327899 sending message 112 to peer 0x55e064e544e0 (12 bytes)
1682375113.327902 sending message 112 to peer 0x55e064e544e0 (13 bytes)
1682375113.327907 sending message 112 to peer 0x55e064e544e0 (13 bytes)
1682375113.327911 sending message 112 to peer 0x55e064e544e0 (13 bytes)
1682375113.327915 sending message 112 to peer 0x55e064e544e0 (13 bytes)
1682375113.327919 sending message 112 to peer 0x55e064e544e0 (13 bytes)
1682375113.327922 sending message 112 to peer 0x55e064e544e0 (11 bytes)
1682375113.327926 sending message 112 to peer 0x55e064e544e0 (12 bytes)
1682375113.327930 sending message 112 to peer 0x55e064e544e0 (12 bytes)
1682375113.327934 sending message 112 to peer 0x55e064e544e0 (12 bytes)
1682375113.327938 sending message 112 to peer 0x55e064e544e0 (12 bytes)
1682375113.327942 sending message 112 to peer 0x55e064e544e0 (12 bytes)
1682375113.327945 sending message 112 to peer 0x55e064e544e0 (21 bytes)
1682375113.327949 sending message 112 to peer 0x55e064e544e0 (12 bytes)
1682375113.327954 sending message 112 to peer 0x55e064e544e0 (9 bytes)
1682375113.327958 sending message 112 to peer 0x55e064e544e0 (6 bytes)
1682375113.327962 sending message 112 to peer 0x55e064e544e0 (13 bytes)
1682375113.327965 sending message 112 to peer 0x55e064e544e0 (8 bytes)
1682375113.327969 sending message 112 to peer 0x55e064e544e0 (15 bytes)
1682375113.327973 sending message 112 to peer 0x55e064e544e0 (13 bytes)
1682375113.327977 sending message 112 to peer 0x55e064e544e0 (9 bytes)
1682375113.327981 sending message 112 to peer 0x55e064e544e0 (70 bytes)
1682375113.327985 sending message 112 to peer 0x55e064e544e0 (69 bytes)
1682375113.327988 sending message 112 to peer 0x55e064e544e0 (10 bytes)
1682375113.327992 sending message 112 to peer 0x55e064e544e0 (10 bytes)
1682375113.327996 sending message 112 to peer 0x55e064e544e0 (8 bytes)
1682375113.328000 sending message 112 to peer 0x55e064e544e0 (15 bytes)
1682375113.328004 sending message 112 to peer 0x55e064e544e0 (13 bytes)
1682375113.328008 sending message 112 to peer 0x55e064e544e0 (10 bytes)
1682375113.328012 sending message 112 to peer 0x55e064e544e0 (10 bytes)
1682375113.328016 sending message 112 to peer 0x55e064e544e0 (17 bytes)
1682375113.328020 sending message 112 to peer 0x55e064e544e0 (10 bytes)
1682375113.328023 sending message 112 to peer 0x55e064e544e0 (13 bytes)
1682375113.328027 sending message 112 to peer 0x55e064e544e0 (9 bytes)
1682375113.328031 sending message 112 to peer 0x55e064e544e0 (5 bytes)
1682375113.328035 sending message 112 to peer 0x55e064e544e0 (15 bytes)
1682375113.328040 sending message 104 to peer 0x55e064e544e0 (0 bytes)
1682375113.328044 sending message 110 to peer 0x55e064e544e0 (0 bytes)
1682375113.328049 sending message 107 to peer 0x55e064e544e0 (4 bytes)
1682375113.328054 sending message 105 to peer 0x55e064e544e0 (16 bytes)
1682375113.328057 sending message 105 to peer 0x55e064e544e0 (33 bytes)
1682375113.328061 sending message 105 to peer 0x55e064e544e0 (17 bytes)
1682375113.328065 sending message 105 to peer 0x55e064e544e0 (20 bytes)
1682375113.328069 sending message 105 to peer 0x55e064e544e0 (58 bytes)
1682375113.328073 sending message 105 to peer 0x55e064e544e0 (23 bytes)
1682375113.328077 sending message 105 to peer 0x55e064e544e0 (26 bytes)
1682375113.328080 sending message 105 to peer 0x55e064e544e0 (36 bytes)
1682375113.328084 sending message 105 to peer 0x55e064e544e0 (37 bytes)
1682375113.328088 sending message 105 to peer 0x55e064e544e0 (35 bytes)
1682375113.328095 sending message 105 to peer 0x55e064e544e0 (14 bytes)
1682375113.328100 sending message 105 to peer 0x55e064e544e0 (41 bytes)
1682375113.328104 sending message 105 to peer 0x55e064e544e0 (47 bytes)
1682375113.328108 sending message 105 to peer 0x55e064e544e0 (57 bytes)
1682375113.328112 sending message 105 to peer 0x55e064e544e0 (20 bytes)
1682375113.328116 sending message 105 to peer 0x55e064e544e0 (19 bytes)
1682375113.328120 sending message 105 to peer 0x55e064e544e0 (19 bytes)
1682375113.328124 sending message 105 to peer 0x55e064e544e0 (21 bytes)
1682375113.328127 sending message 105 to peer 0x55e064e544e0 (15 bytes)
1682375113.328131 sending message 105 to peer 0x55e064e544e0 (32 bytes)
1682375113.328135 sending message 105 to peer 0x55e064e544e0 (23 bytes)
1682375113.328139 sending message 105 to peer 0x55e064e544e0 (12 bytes)
1682375113.328143 sending message 105 to peer 0x55e064e544e0 (21 bytes)
1682375113.328147 sending message 105 to peer 0x55e064e544e0 (39 bytes)
1682375113.328150 sending message 105 to peer 0x55e064e544e0 (47 bytes)
1682375113.328154 sending message 105 to peer 0x55e064e544e0 (20 bytes)
1682375113.328158 sending message 105 to peer 0x55e064e544e0 (15 bytes)
1682375113.328163 sending message 105 to peer 0x55e064e544e0 (16 bytes)
1682375113.328167 sending message 105 to peer 0x55e064e544e0 (1770 bytes)
1682375113.328175 sending message 105 to peer 0x55e064e544e0 (23 bytes)
1682375113.328180 sending message 105 to peer 0x55e064e544e0 (52 bytes)
1682375113.328185 sending message 105 to peer 0x55e064e544e0 (36 bytes)
1682375113.328188 sending message 105 to peer 0x55e064e544e0 (23 bytes)
1682375113.328192 sending message 105 to peer 0x55e064e544e0 (57 bytes)
1682375113.328196 sending message 105 to peer 0x55e064e544e0 (73 bytes)
1682375113.328200 sending message 105 to peer 0x55e064e544e0 (23 bytes)
1682375113.328203 sending message 105 to peer 0x55e064e544e0 (19 bytes)
1682375113.328207 sending message 105 to peer 0x55e064e544e0 (46 bytes)
1682375113.328211 sending message 105 to peer 0x55e064e544e0 (35 bytes)
1682375113.328215 sending message 105 to peer 0x55e064e544e0 (9 bytes)
1682375113.328219 sending message 105 to peer 0x55e064e544e0 (13 bytes)
1682375113.328223 sending message 105 to peer 0x55e064e544e0 (42 bytes)
1682375113.328227 sending message 105 to peer 0x55e064e544e0 (11 bytes)
1682375113.328231 sending message 105 to peer 0x55e064e544e0 (8 bytes)
1682375113.328234 sending message 105 to peer 0x55e064e544e0 (17 bytes)
1682375113.328238 sending message 105 to peer 0x55e064e544e0 (11 bytes)
1682375113.328242 sending message 105 to peer 0x55e064e544e0 (17 bytes)
1682375113.328246 sending message 105 to peer 0x55e064e544e0 (31 bytes)
1682375113.328250 sending message 105 to peer 0x55e064e544e0 (84 bytes)
1682375113.328254 sending message 105 to peer 0x55e064e544e0 (55 bytes)
1682375113.328258 sending message 105 to peer 0x55e064e544e0 (37 bytes)
1682375113.328262 sending message 105 to peer 0x55e064e544e0 (134 bytes)
1682375113.328266 sending message 105 to peer 0x55e064e544e0 (40 bytes)
1682375113.328270 sending message 105 to peer 0x55e064e544e0 (14 bytes)
1682375113.328274 sending message 105 to peer 0x55e064e544e0 (54 bytes)
1682375113.328278 sending message 105 to peer 0x55e064e544e0 (25 bytes)
1682375113.328282 sending message 105 to peer 0x55e064e544e0 (18 bytes)
1682375113.328286 sending message 105 to peer 0x55e064e544e0 (17 bytes)
1682375113.328289 sending message 105 to peer 0x55e064e544e0 (16 bytes)
1682375113.328293 sending message 106 to peer 0x55e064e544e0 (0 bytes)
1682375113.328324 sending message 200 to peer 0x55e064e544e0 (4 bytes)
1682375113.328329 client loop enter
1682375113.328648 peer 0x55e064e544e0 message 303
1682375113.328657 open write file 2 -
1682375113.328666 sending message 305 to peer 0x55e064e544e0 (8 bytes)
1682375113.328674 write check file 2
1682375113.328773 peer 0x55e064e544e0 message 304
1682375113.328779 write 58 to file 2
1682375113.328784 peer 0x55e064e544e0 message 203
1682375113.328788 file 2 58 bytes left
1682375113.328797 write check file 2
1682375113.328807 client loop exit
